<?xml version="1.0" encoding="UTF-8"?>
<testsuite xmlns:xsi="http://www.w3.org/2001/XMLSchema-instance" xsi:noNamespaceSchemaLocation="https://maven.apache.org/surefire/maven-surefire-plugin/xsd/surefire-test-report-3.0.xsd" version="3.0" name="springdata.springdata.SpringDataApplicationTests" time="16.436" tests="1" errors="0" skipped="0" failures="0">
  <properties>
[...]
</properties>
  <testcase name="contextLoads" classname="springdata.springdata.SpringDataApplicationTests" time="1.275">
    <system-out><![CDATA[01:00:36.537 [main] INFO org.springframework.test.context.support.AnnotationConfigContextLoaderUtils -- Could not detect default configuration classes for test class [springdata.springdata.SpringDataApplicationTests]: SpringDataApplicationTests does not declare any static, non-private, non-final, nested classes annotated with @Configuration.
01:00:36.782 [main] INFO org.springframework.boot.test.context.SpringBootTestContextBootstrapper -- Found @SpringBootConfiguration springdata.springdata.SpringDataApplication for test class springdata.springdata.SpringDataApplicationTests

  .   ____          _            __ _ _
 /\\ / ___'_ __ _ _(_)_ __  __ _ \ \ \ \
( ( )\___ | '_ | '_| | '_ \/ _` | \ \ \ \
 \\/  ___)| |_)| | | | | || (_| |  ) ) ) )
  '  |____| .__|_| |_|_| |_\__, | / / / /
 =========|_|==============|___/=/_/_/_/

 :: Spring Boot ::                (v3.3.3)

2024-09-25T01:00:38.167Z  INFO 9896 --- [SpringData] [           main] s.springdata.SpringDataApplicationTests  : Starting SpringDataApplicationTests using Java 21.0.4 with PID 9896 (started by user in f:\Amalitech GTP\DevOps\PerformanceOptimization)
2024-09-25T01:00:38.172Z  INFO 9896 --- [SpringData] [           main] s.springdata.SpringDataApplicationTests  : No active profile set, falling back to 1 default profile: "default"
2024-09-25T01:00:40.656Z  INFO 9896 --- [SpringData] [           main] .s.d.r.c.RepositoryConfigurationDelegate : Multiple Spring Data modules found, entering strict repository configuration mode
2024-09-25T01:00:40.659Z  INFO 9896 --- [SpringData] [           main] .s.d.r.c.RepositoryConfigurationDelegate : Bootstrapping Spring Data JDBC repositories in DEFAULT mode.
2024-09-25T01:00:40.781Z  INFO 9896 --- [SpringData] [           main] .RepositoryConfigurationExtensionSupport : Spring Data JDBC - Could not safely identify store assignment for repository candidate interface springdata.springdata.repositories.AllPersonsInHospitalRepository; If you want this repository to be a JDBC repository, consider annotating your entities with one of these annotations: org.springframework.data.relational.core.mapping.Table.
2024-09-25T01:00:40.786Z  INFO 9896 --- [SpringData] [           main] .RepositoryConfigurationExtensionSupport : Spring Data JDBC - Could not safely identify store assignment for repository candidate interface springdata.springdata.repositories.BedRepository; If you want this repository to be a JDBC repository, consider annotating your entities with one of these annotations: org.springframework.data.relational.core.mapping.Table.
2024-09-25T01:00:40.792Z  INFO 9896 --- [SpringData] [           main] .RepositoryConfigurationExtensionSupport : Spring Data JDBC - Could not safely identify store assignment for repository candidate interface springdata.springdata.repositories.DepartmentRepository; If you want this repository to be a JDBC repository, consider annotating your entities with one of these annotations: org.springframework.data.relational.core.mapping.Table.
2024-09-25T01:00:40.797Z  INFO 9896 --- [SpringData] [           main] .RepositoryConfigurationExtensionSupport : Spring Data JDBC - Could not safely identify store assignment for repository candidate interface springdata.springdata.repositories.DoctorRepository; If you want this repository to be a JDBC repository, consider annotating your entities with one of these annotations: org.springframework.data.relational.core.mapping.Table.
2024-09-25T01:00:40.798Z  INFO 9896 --- [SpringData] [           main] .RepositoryConfigurationExtensionSupport : Spring Data JDBC - Could not safely identify store assignment for repository candidate interface springdata.springdata.repositories.EmployeeRepository; If you want this repository to be a JDBC repository, consider annotating your entities with one of these annotations: org.springframework.data.relational.core.mapping.Table.
2024-09-25T01:00:40.803Z  INFO 9896 --- [SpringData] [           main] .RepositoryConfigurationExtensionSupport : Spring Data JDBC - Could not safely identify store assignment for repository candidate interface springdata.springdata.repositories.NurseRepository; If you want this repository to be a JDBC repository, consider annotating your entities with one of these annotations: org.springframework.data.relational.core.mapping.Table.
2024-09-25T01:00:40.818Z  INFO 9896 --- [SpringData] [           main] .RepositoryConfigurationExtensionSupport : Spring Data JDBC - Could not safely identify store assignment for repository candidate interface springdata.springdata.repositories.PatientRepository; If you want this repository to be a JDBC repository, consider annotating your entities with one of these annotations: org.springframework.data.relational.core.mapping.Table.
2024-09-25T01:00:40.820Z  INFO 9896 --- [SpringData] [           main] .RepositoryConfigurationExtensionSupport : Spring Data JDBC - Could not safely identify store assignment for repository candidate interface springdata.springdata.repositories.WardRepository; If you want this repository to be a JDBC repository, consider annotating your entities with one of these annotations: org.springframework.data.relational.core.mapping.Table.
2024-09-25T01:00:40.821Z  INFO 9896 --- [SpringData] [           main] .s.d.r.c.RepositoryConfigurationDelegate : Finished Spring Data repository scanning in 151 ms. Found 0 JDBC repository interfaces.
2024-09-25T01:00:40.866Z  INFO 9896 --- [SpringData] [           main] .s.d.r.c.RepositoryConfigurationDelegate : Multiple Spring Data modules found, entering strict repository configuration mode
2024-09-25T01:00:40.868Z  INFO 9896 --- [SpringData] [           main] .s.d.r.c.RepositoryConfigurationDelegate : Bootstrapping Spring Data JPA repositories in DEFAULT mode.
2024-09-25T01:00:41.006Z  INFO 9896 --- [SpringData] [           main] .s.d.r.c.RepositoryConfigurationDelegate : Finished Spring Data repository scanning in 128 ms. Found 8 JPA repository interfaces.
2024-09-25T01:00:42.213Z  INFO 9896 --- [SpringData] [           main] o.hibernate.jpa.internal.util.LogHelper  : HHH000204: Processing PersistenceUnitInfo [name: default]
2024-09-25T01:00:42.349Z  INFO 9896 --- [SpringData] [           main] org.hibernate.Version                    : HHH000412: Hibernate ORM core version 6.5.2.Final
2024-09-25T01:00:42.421Z  INFO 9896 --- [SpringData] [           main] o.h.c.internal.RegionFactoryInitiator    : HHH000026: Second-level cache disabled
2024-09-25T01:00:43.090Z  INFO 9896 --- [SpringData] [           main] o.s.o.j.p.SpringPersistenceUnitInfo      : No LoadTimeWeaver setup: ignoring JPA class transformer
2024-09-25T01:00:43.163Z  INFO 9896 --- [SpringData] [           main] com.zaxxer.hikari.HikariDataSource       : HikariPool-1 - Starting...
2024-09-25T01:00:43.614Z  INFO 9896 --- [SpringData] [           main] com.zaxxer.hikari.pool.HikariPool        : HikariPool-1 - Added connection com.mysql.cj.jdbc.ConnectionImpl@640a8f93
2024-09-25T01:00:43.617Z  INFO 9896 --- [SpringData] [           main] com.zaxxer.hikari.HikariDataSource       : HikariPool-1 - Start completed.
2024-09-25T01:00:43.771Z  WARN 9896 --- [SpringData] [           main] org.hibernate.dialect.Dialect            : HHH000511: The 5.5.5 version for [org.hibernate.dialect.MySQLDialect] is no longer supported, hence certain features may not work properly. The minimum supported version is 8.0.0. Check the community dialects project for available legacy versions.
2024-09-25T01:00:45.885Z  INFO 9896 --- [SpringData] [           main] o.h.e.t.j.p.i.JtaPlatformInitiator       : HHH000489: No JTA platform available (set 'hibernate.transaction.jta.platform' to enable JTA platform integration)
2024-09-25T01:00:45.913Z DEBUG 9896 --- [SpringData] [           main] org.hibernate.SQL                        : 
    alter table bed 
       drop 
       foreign key FKmhe6n05hmwqusqmjeggre1bti
Hibernate: 
    alter table bed 
       drop 
       foreign key FKmhe6n05hmwqusqmjeggre1bti
2024-09-25T01:00:45.971Z DEBUG 9896 --- [SpringData] [           main] org.hibernate.SQL                        : 
    alter table department 
       drop 
       foreign key FK99sebx8c7ye42dmdqxmrwj8hi
Hibernate: 
    alter table department 
       drop 
       foreign key FK99sebx8c7ye42dmdqxmrwj8hi
2024-09-25T01:00:45.981Z DEBUG 9896 --- [SpringData] [           main] org.hibernate.SQL                        : 
    alter table persons_in_hospital 
       drop 
       foreign key FK38bqcodrr1huhy8o6xmdjoaho
Hibernate: 
    alter table persons_in_hospital 
       drop 
       foreign key FK38bqcodrr1huhy8o6xmdjoaho
2024-09-25T01:00:45.994Z DEBUG 9896 --- [SpringData] [           main] org.hibernate.SQL                        : 
    alter table persons_in_hospital 
       drop 
       foreign key FKb6cfisr0ahddc5xhf3mxr7rh3
Hibernate: 
    alter table persons_in_hospital 
       drop 
       foreign key FKb6cfisr0ahddc5xhf3mxr7rh3
2024-09-25T01:00:46.003Z DEBUG 9896 --- [SpringData] [           main] org.hibernate.SQL                        : 
    alter table persons_in_hospital 
       drop 
       foreign key FKd436w6p0dn2npi1indcdl7v5j
Hibernate: 
    alter table persons_in_hospital 
       drop 
       foreign key FKd436w6p0dn2npi1indcdl7v5j
2024-09-25T01:00:46.014Z DEBUG 9896 --- [SpringData] [           main] org.hibernate.SQL                        : 
    alter table ward 
       drop 
       foreign key FKtpla8ihi8bh8loe5bj92t47by
Hibernate: 
    alter table ward 
       drop 
       foreign key FKtpla8ihi8bh8loe5bj92t47by
2024-09-25T01:00:46.028Z DEBUG 9896 --- [SpringData] [           main] org.hibernate.SQL                        : 
    alter table ward 
       drop 
       foreign key FKmr309spj422e4xcuqhw30na7n
Hibernate: 
    alter table ward 
       drop 
       foreign key FKmr309spj422e4xcuqhw30na7n
2024-09-25T01:00:46.038Z DEBUG 9896 --- [SpringData] [           main] org.hibernate.SQL                        : 
    drop table if exists bed
Hibernate: 
    drop table if exists bed
2024-09-25T01:00:46.126Z DEBUG 9896 --- [SpringData] [           main] org.hibernate.SQL                        : 
    drop table if exists department
Hibernate: 
    drop table if exists department
2024-09-25T01:00:46.138Z DEBUG 9896 --- [SpringData] [           main] org.hibernate.SQL                        : 
    drop table if exists persons_in_hospital
Hibernate: 
    drop table if exists persons_in_hospital
2024-09-25T01:00:46.151Z DEBUG 9896 --- [SpringData] [           main] org.hibernate.SQL                        : 
    drop table if exists ward
Hibernate: 
    drop table if exists ward
2024-09-25T01:00:46.169Z DEBUG 9896 --- [SpringData] [           main] org.hibernate.SQL                        : 
    create table bed (
        id bigint not null auto_increment,
        ward bigint,
        bed_number varchar(255),
        primary key (id)
    ) engine=InnoDB
Hibernate: 
    create table bed (
        id bigint not null auto_increment,
        ward bigint,
        bed_number varchar(255),
        primary key (id)
    ) engine=InnoDB
2024-09-25T01:00:46.185Z DEBUG 9896 --- [SpringData] [           main] org.hibernate.SQL                        : 
    create table department (
        director bigint,
        id bigint not null auto_increment,
        building varchar(255),
        code varchar(255),
        primary key (id)
    ) engine=InnoDB
Hibernate: 
    create table department (
        director bigint,
        id bigint not null auto_increment,
        building varchar(255),
        code varchar(255),
        primary key (id)
    ) engine=InnoDB
2024-09-25T01:00:46.200Z DEBUG 9896 --- [SpringData] [           main] org.hibernate.SQL                        : 
    create table persons_in_hospital (
        bed bigint,
        department bigint,
        doctor bigint,
        id bigint not null auto_increment,
        discriminator varchar(31) not null,
        address varchar(255),
        diagnosis varchar(255),
        employee_id varchar(255),
        employee_type varchar(255),
        first_name varchar(255),
        name varchar(255),
        patient_number varchar(255),
        rotation varchar(255),
        salary varchar(255),
        specialty varchar(255),
        surname varchar(255),
        tel_number varchar(255),
        primary key (id)
    ) engine=InnoDB
Hibernate: 
    create table persons_in_hospital (
        bed bigint,
        department bigint,
        doctor bigint,
        id bigint not null auto_increment,
        discriminator varchar(31) not null,
        address varchar(255),
        diagnosis varchar(255),
        employee_id varchar(255),
        employee_type varchar(255),
        first_name varchar(255),
        name varchar(255),
        patient_number varchar(255),
        rotation varchar(255),
        salary varchar(255),
        specialty varchar(255),
        surname varchar(255),
        tel_number varchar(255),
        primary key (id)
    ) engine=InnoDB
2024-09-25T01:00:46.232Z DEBUG 9896 --- [SpringData] [           main] org.hibernate.SQL                        : 
    create table ward (
        department bigint,
        id bigint not null auto_increment,
        supervisor bigint,
        ward_number bigint not null,
        primary key (id)
    ) engine=InnoDB
Hibernate: 
    create table ward (
        department bigint,
        id bigint not null auto_increment,
        supervisor bigint,
        ward_number bigint not null,
        primary key (id)
    ) engine=InnoDB
2024-09-25T01:00:46.248Z DEBUG 9896 --- [SpringData] [           main] org.hibernate.SQL                        : 
    alter table department 
       add constraint UK6gpu5slm3cu57g71wh8ahvqs1 unique (director)
Hibernate: 
    alter table department 
       add constraint UK6gpu5slm3cu57g71wh8ahvqs1 unique (director)
2024-09-25T01:00:46.272Z DEBUG 9896 --- [SpringData] [           main] org.hibernate.SQL                        : 
    alter table persons_in_hospital 
       add constraint UK4h76bnr03f4toklkb77lb6esg unique (department)
Hibernate: 
    alter table persons_in_hospital 
       add constraint UK4h76bnr03f4toklkb77lb6esg unique (department)
2024-09-25T01:00:46.294Z DEBUG 9896 --- [SpringData] [           main] org.hibernate.SQL                        : 
    alter table persons_in_hospital 
       add constraint UKs6gbif9klkdth8d2wqq82sw0b unique (doctor)
Hibernate: 
    alter table persons_in_hospital 
       add constraint UKs6gbif9klkdth8d2wqq82sw0b unique (doctor)
2024-09-25T01:00:46.315Z DEBUG 9896 --- [SpringData] [           main] org.hibernate.SQL                        : 
    alter table ward 
       add constraint UKnifmxj2n092a5hk3kpyd77c4g unique (supervisor)
Hibernate: 
    alter table ward 
       add constraint UKnifmxj2n092a5hk3kpyd77c4g unique (supervisor)
2024-09-25T01:00:46.339Z DEBUG 9896 --- [SpringData] [           main] org.hibernate.SQL                        : 
    alter table bed 
       add constraint FKmhe6n05hmwqusqmjeggre1bti 
       foreign key (ward) 
       references ward (id)
Hibernate: 
    alter table bed 
       add constraint FKmhe6n05hmwqusqmjeggre1bti 
       foreign key (ward) 
       references ward (id)
2024-09-25T01:00:46.410Z DEBUG 9896 --- [SpringData] [           main] org.hibernate.SQL                        : 
    alter table department 
       add constraint FK99sebx8c7ye42dmdqxmrwj8hi 
       foreign key (director) 
       references persons_in_hospital (id)
Hibernate: 
    alter table department 
       add constraint FK99sebx8c7ye42dmdqxmrwj8hi 
       foreign key (director) 
       references persons_in_hospital (id)
2024-09-25T01:00:46.505Z DEBUG 9896 --- [SpringData] [           main] org.hibernate.SQL                        : 
    alter table persons_in_hospital 
       add constraint FK38bqcodrr1huhy8o6xmdjoaho 
       foreign key (department) 
       references department (id)
Hibernate: 
    alter table persons_in_hospital 
       add constraint FK38bqcodrr1huhy8o6xmdjoaho 
       foreign key (department) 
       references department (id)
2024-09-25T01:00:46.613Z DEBUG 9896 --- [SpringData] [           main] org.hibernate.SQL                        : 
    alter table persons_in_hospital 
       add constraint FKb6cfisr0ahddc5xhf3mxr7rh3 
       foreign key (bed) 
       references bed (id)
Hibernate: 
    alter table persons_in_hospital 
       add constraint FKb6cfisr0ahddc5xhf3mxr7rh3 
       foreign key (bed) 
       references bed (id)
2024-09-25T01:00:46.705Z DEBUG 9896 --- [SpringData] [           main] org.hibernate.SQL                        : 
    alter table persons_in_hospital 
       add constraint FKd436w6p0dn2npi1indcdl7v5j 
       foreign key (doctor) 
       references persons_in_hospital (id)
Hibernate: 
    alter table persons_in_hospital 
       add constraint FKd436w6p0dn2npi1indcdl7v5j 
       foreign key (doctor) 
       references persons_in_hospital (id)
2024-09-25T01:00:46.802Z DEBUG 9896 --- [SpringData] [           main] org.hibernate.SQL                        : 
    alter table ward 
       add constraint FKtpla8ihi8bh8loe5bj92t47by 
       foreign key (department) 
       references department (id)
Hibernate: 
    alter table ward 
       add constraint FKtpla8ihi8bh8loe5bj92t47by 
       foreign key (department) 
       references department (id)
2024-09-25T01:00:46.883Z DEBUG 9896 --- [SpringData] [           main] org.hibernate.SQL                        : 
    alter table ward 
       add constraint FKmr309spj422e4xcuqhw30na7n 
       foreign key (supervisor) 
       references persons_in_hospital (id)
Hibernate: 
    alter table ward 
       add constraint FKmr309spj422e4xcuqhw30na7n 
       foreign key (supervisor) 
       references persons_in_hospital (id)
2024-09-25T01:00:46.955Z  INFO 9896 --- [SpringData] [           main] j.LocalContainerEntityManagerFactoryBean : Initialized JPA EntityManagerFactory for persistence unit 'default'
2024-09-25T01:00:47.628Z  INFO 9896 --- [SpringData] [           main] o.s.d.j.r.query.QueryEnhancerFactory     : Hibernate is in classpath; If applicable, HQL parser will be used.
2024-09-25T01:00:49.586Z  WARN 9896 --- [SpringData] [           main] JpaBaseConfiguration$JpaWebConfiguration : spring.jpa.open-in-view is enabled by default. Therefore, database queries may be performed during view rendering. Explicitly configure spring.jpa.open-in-view to disable this warning
2024-09-25T01:00:51.213Z  INFO 9896 --- [SpringData] [           main] s.springdata.SpringDataApplicationTests  : Started SpringDataApplicationTests in 14.05 seconds (process running for 16.991)
]]></system-out>
    <system-err><![CDATA[WARNING: A Java agent has been loaded dynamically (C:\Users\user\.m2\repository\net\bytebuddy\byte-buddy-agent\1.14.19\byte-buddy-agent-1.14.19.jar)
WARNING: If a serviceability tool is in use, please run with -XX:+EnableDynamicAgentLoading to hide this warning
WARNING: If a serviceability tool is not in use, please run with -Djdk.instrument.traceUsage for more information
WARNING: Dynamic loading of agents will be disallowed by default in a future release
]]></system-err>
  </testcase>
</testsuite>